<?xml version="1.0" encoding="UTF-8"?>
<testng-results ignored="0" total="1" passed="1" failed="0" skipped="0">
  <reporter-output>
  </reporter-output>
  <suite started-at="2023-12-19T15:17:59 BDT" name="Default suite" finished-at="2023-12-19T15:18:41 BDT" duration-ms="41555">
    <groups>
    </groups>
    <test started-at="2023-12-19T15:17:59 BDT" name="Default test" finished-at="2023-12-19T15:18:41 BDT" duration-ms="41555">
      <class name="testcase.SC_login_T001">
        <test-method is-config="true" signature="setDriver()[pri:0, instance:testcase.SC_login_T001@59309333]" started-at="2023-12-19T15:17:58 BDT" name="setDriver" finished-at="2023-12-19T15:17:59 BDT" duration-ms="1743" status="PASS">
          <reporter-output>
          </reporter-output>
        </test-method> <!-- setDriver -->
        <test-method signature="sorna()[pri:0, instance:testcase.SC_login_T001@59309333]" started-at="2023-12-19T15:17:59 BDT" name="sorna" finished-at="2023-12-19T15:18:41 BDT" duration-ms="41527" status="PASS">
          <reporter-output>
          </reporter-output>
        </test-method> <!-- sorna -->
        <test-method is-config="true" signature="close()[pri:0, instance:testcase.SC_login_T001@59309333]" started-at="2023-12-19T15:18:41 BDT" name="close" finished-at="2023-12-19T15:18:41 BDT" duration-ms="178" status="PASS">
          <reporter-output>
          </reporter-output>
        </test-method> <!-- close -->
      </class> <!-- testcase.SC_login_T001 -->
    </test> <!-- Default test -->
  </suite> <!-- Default suite -->
</testng-results>
